
2025-10-21 21:07:38.131 INFO (MainThread) [custom_components.lock_code_manager] 01K841CPSS0GPZWRM9A7PKBNMY (House Locks): Creating and/or updating entities
2025-10-21 21:07:38.131 DEBUG (MainThread) [custom_components.lock_code_manager] 01K841CPSS0GPZWRM9A7PKBNMY (House Locks): Removing slot 1 entities
2025-10-21 21:07:38.135 DEBUG (MainThread) [custom_components.lock_code_manager] 01K841CPSS0GPZWRM9A7PKBNMY (House Locks): Removing slot 2 entities
2025-10-21 21:07:38.136 DEBUG (MainThread) [custom_components.lock_code_manager] 01K841CPSS0GPZWRM9A7PKBNMY (House Locks): Removing slot 3 entities
2025-10-21 21:07:38.139 DEBUG (MainThread) [custom_components.lock_code_manager] 01K841CPSS0GPZWRM9A7PKBNMY (House Locks): Adding entities for slot 1
2025-10-21 21:07:38.139 DEBUG (MainThread) [custom_components.lock_code_manager.entity] 01K841CPSS0GPZWRM9A7PKBNMY (House Locks): Adding entity sensor.front_door_lock_code_slot_1
2025-10-21 21:07:38.140 DEBUG (MainThread) [custom_components.lock_code_manager.entity] 01K841CPSS0GPZWRM9A7PKBNMY (House Locks): Adding entity binary_sensor.front_door_lock_code_slot_1_in_sync
2025-10-21 21:07:38.141 DEBUG (MainThread) [custom_components.lock_code_manager.entity] 01K841CPSS0GPZWRM9A7PKBNMY (House Locks): Adding entity sensor.back_door_lock_code_slot_1
2025-10-21 21:07:38.141 DEBUG (MainThread) [custom_components.lock_code_manager.entity] 01K841CPSS0GPZWRM9A7PKBNMY (House Locks): Adding entity binary_sensor.back_door_lock_code_slot_1_in_sync
2025-10-21 21:07:38.142 DEBUG (MainThread) [custom_components.lock_code_manager.entity] 01K841CPSS0GPZWRM9A7PKBNMY (House Locks): Adding entity binary_sensor.house_locks_code_slot_1_active
2025-10-21 21:07:38.142 DEBUG (MainThread) [custom_components.lock_code_manager.binary_sensor] 01K841CPSS0GPZWRM9A7PKBNMY (House Locks): Updating binary_sensor.house_locks_code_slot_1_active
2025-10-21 21:07:38.142 DEBUG (MainThread) [custom_components.lock_code_manager.entity] 01K841CPSS0GPZWRM9A7PKBNMY (House Locks): Adding entity event.house_locks_code_slot_1
2025-10-21 21:07:38.142 DEBUG (MainThread) [custom_components.lock_code_manager.entity] 01K841CPSS0GPZWRM9A7PKBNMY (House Locks): Adding entity text.house_locks_code_slot_1_name
2025-10-21 21:07:38.143 DEBUG (MainThread) [custom_components.lock_code_manager.entity] 01K841CPSS0GPZWRM9A7PKBNMY (House Locks): Adding entity text.house_locks_code_slot_1_pin
2025-10-21 21:07:38.143 DEBUG (MainThread) [custom_components.lock_code_manager.entity] 01K841CPSS0GPZWRM9A7PKBNMY (House Locks): Adding entity switch.house_locks_code_slot_1_enabled
2025-10-21 21:07:38.143 DEBUG (MainThread) [custom_components.lock_code_manager] 01K841CPSS0GPZWRM9A7PKBNMY (House Locks): Adding entities for slot 2
2025-10-21 21:07:38.144 DEBUG (MainThread) [custom_components.lock_code_manager.entity] 01K841CPSS0GPZWRM9A7PKBNMY (House Locks): Adding entity sensor.front_door_lock_code_slot_2
2025-10-21 21:07:38.149 DEBUG (MainThread) [custom_components.lock_code_manager.entity] 01K841CPSS0GPZWRM9A7PKBNMY (House Locks): Adding entity binary_sensor.front_door_lock_code_slot_2_in_sync
2025-10-21 21:07:38.149 DEBUG (MainThread) [custom_components.lock_code_manager.entity] 01K841CPSS0GPZWRM9A7PKBNMY (House Locks): Adding entity sensor.back_door_lock_code_slot_2
2025-10-21 21:07:38.150 DEBUG (MainThread) [custom_components.lock_code_manager.entity] 01K841CPSS0GPZWRM9A7PKBNMY (House Locks): Adding entity binary_sensor.back_door_lock_code_slot_2_in_sync
2025-10-21 21:07:38.150 DEBUG (MainThread) [custom_components.lock_code_manager.entity] 01K841CPSS0GPZWRM9A7PKBNMY (House Locks): Adding entity binary_sensor.house_locks_code_slot_2_active
2025-10-21 21:07:38.150 DEBUG (MainThread) [custom_components.lock_code_manager.binary_sensor] 01K841CPSS0GPZWRM9A7PKBNMY (House Locks): Updating binary_sensor.house_locks_code_slot_2_active
2025-10-21 21:07:38.151 DEBUG (MainThread) [custom_components.lock_code_manager.entity] 01K841CPSS0GPZWRM9A7PKBNMY (House Locks): Adding entity event.house_locks_code_slot_2
2025-10-21 21:07:38.151 DEBUG (MainThread) [custom_components.lock_code_manager.entity] 01K841CPSS0GPZWRM9A7PKBNMY (House Locks): Adding entity text.house_locks_code_slot_2_name
2025-10-21 21:07:38.152 DEBUG (MainThread) [custom_components.lock_code_manager.entity] 01K841CPSS0GPZWRM9A7PKBNMY (House Locks): Adding entity text.house_locks_code_slot_2_pin
2025-10-21 21:07:38.152 DEBUG (MainThread) [custom_components.lock_code_manager.entity] 01K841CPSS0GPZWRM9A7PKBNMY (House Locks): Adding entity switch.house_locks_code_slot_2_enabled
2025-10-21 21:07:38.152 DEBUG (MainThread) [custom_components.lock_code_manager] 01K841CPSS0GPZWRM9A7PKBNMY (House Locks): Adding entities for slot 3
2025-10-21 21:07:38.152 DEBUG (MainThread) [custom_components.lock_code_manager.entity] 01K841CPSS0GPZWRM9A7PKBNMY (House Locks): Adding entity sensor.front_door_lock_code_slot_3
2025-10-21 21:07:38.153 DEBUG (MainThread) [custom_components.lock_code_manager.entity] 01K841CPSS0GPZWRM9A7PKBNMY (House Locks): Adding entity binary_sensor.front_door_lock_code_slot_3_in_sync
2025-10-21 21:07:38.153 DEBUG (MainThread) [custom_components.lock_code_manager.entity] 01K841CPSS0GPZWRM9A7PKBNMY (House Locks): Adding entity sensor.back_door_lock_code_slot_3
2025-10-21 21:07:38.154 DEBUG (MainThread) [custom_components.lock_code_manager.entity] 01K841CPSS0GPZWRM9A7PKBNMY (House Locks): Adding entity binary_sensor.back_door_lock_code_slot_3_in_sync
2025-10-21 21:07:38.154 DEBUG (MainThread) [custom_components.lock_code_manager.entity] 01K841CPSS0GPZWRM9A7PKBNMY (House Locks): Adding entity binary_sensor.house_locks_code_slot_3_active
2025-10-21 21:07:38.154 DEBUG (MainThread) [custom_components.lock_code_manager.binary_sensor] 01K841CPSS0GPZWRM9A7PKBNMY (House Locks): Updating binary_sensor.house_locks_code_slot_3_active
2025-10-21 21:07:38.154 DEBUG (MainThread) [custom_components.lock_code_manager.entity] 01K841CPSS0GPZWRM9A7PKBNMY (House Locks): Adding entity event.house_locks_code_slot_3
2025-10-21 21:07:38.157 DEBUG (MainThread) [custom_components.lock_code_manager.entity] 01K841CPSS0GPZWRM9A7PKBNMY (House Locks): Adding entity text.house_locks_code_slot_3_name
2025-10-21 21:07:38.158 DEBUG (MainThread) [custom_components.lock_code_manager.entity] 01K841CPSS0GPZWRM9A7PKBNMY (House Locks): Adding entity text.house_locks_code_slot_3_pin
2025-10-21 21:07:38.158 DEBUG (MainThread) [custom_components.lock_code_manager.entity] 01K841CPSS0GPZWRM9A7PKBNMY (House Locks): Adding entity switch.house_locks_code_slot_3_enabled
2025-10-21 21:07:38.159 DEBUG (MainThread) [custom_components.lock_code_manager] 01K841CPSS0GPZWRM9A7PKBNMY (House Locks): Adding entities for slot 4
2025-10-21 21:07:38.159 DEBUG (MainThread) [custom_components.lock_code_manager.entity] 01K841CPSS0GPZWRM9A7PKBNMY (House Locks): Adding entity sensor.front_door_lock_code_slot_4
2025-10-21 21:07:38.160 DEBUG (MainThread) [custom_components.lock_code_manager.entity] 01K841CPSS0GPZWRM9A7PKBNMY (House Locks): Adding entity binary_sensor.front_door_lock_code_slot_4_in_sync
2025-10-21 21:07:38.174 DEBUG (MainThread) [custom_components.lock_code_manager.entity] 01K841CPSS0GPZWRM9A7PKBNMY (House Locks): Adding entity sensor.back_door_lock_code_slot_4
2025-10-21 21:07:38.175 DEBUG (MainThread) [custom_components.lock_code_manager.entity] 01K841CPSS0GPZWRM9A7PKBNMY (House Locks): Adding entity binary_sensor.back_door_lock_code_slot_4_in_sync
2025-10-21 21:07:38.176 DEBUG (MainThread) [custom_components.lock_code_manager.entity] 01K841CPSS0GPZWRM9A7PKBNMY (House Locks): Adding entity binary_sensor.house_locks_code_slot_4_active
2025-10-21 21:07:38.176 DEBUG (MainThread) [custom_components.lock_code_manager.binary_sensor] 01K841CPSS0GPZWRM9A7PKBNMY (House Locks): Updating binary_sensor.house_locks_code_slot_4_active
2025-10-21 21:07:38.176 DEBUG (MainThread) [custom_components.lock_code_manager.entity] 01K841CPSS0GPZWRM9A7PKBNMY (House Locks): Adding entity event.house_locks_code_slot_4
2025-10-21 21:07:38.177 DEBUG (MainThread) [custom_components.lock_code_manager.entity] 01K841CPSS0GPZWRM9A7PKBNMY (House Locks): Adding entity text.house_locks_code_slot_4_name
2025-10-21 21:07:38.177 DEBUG (MainThread) [custom_components.lock_code_manager.entity] 01K841CPSS0GPZWRM9A7PKBNMY (House Locks): Adding entity text.house_locks_code_slot_4_pin
2025-10-21 21:07:38.178 DEBUG (MainThread) [custom_components.lock_code_manager.entity] 01K841CPSS0GPZWRM9A7PKBNMY (House Locks): Adding entity switch.house_locks_code_slot_4_enabled
2025-10-21 21:07:38.178 DEBUG (MainThread) [custom_components.lock_code_manager] 01K841CPSS0GPZWRM9A7PKBNMY (House Locks): Adding entities for slot 5
2025-10-21 21:07:38.179 DEBUG (MainThread) [custom_components.lock_code_manager.entity] 01K841CPSS0GPZWRM9A7PKBNMY (House Locks): Adding entity sensor.front_door_lock_code_slot_5
2025-10-21 21:07:38.179 DEBUG (MainThread) [custom_components.lock_code_manager.entity] 01K841CPSS0GPZWRM9A7PKBNMY (House Locks): Adding entity binary_sensor.front_door_lock_code_slot_5_in_sync
2025-10-21 21:07:38.184 DEBUG (MainThread) [custom_components.lock_code_manager.entity] 01K841CPSS0GPZWRM9A7PKBNMY (House Locks): Adding entity sensor.back_door_lock_code_slot_5
2025-10-21 21:07:38.184 DEBUG (MainThread) [custom_components.lock_code_manager.entity] 01K841CPSS0GPZWRM9A7PKBNMY (House Locks): Adding entity binary_sensor.back_door_lock_code_slot_5_in_sync
2025-10-21 21:07:38.185 DEBUG (MainThread) [custom_components.lock_code_manager.entity] 01K841CPSS0GPZWRM9A7PKBNMY (House Locks): Adding entity binary_sensor.house_locks_code_slot_5_active
2025-10-21 21:07:38.185 DEBUG (MainThread) [custom_components.lock_code_manager.binary_sensor] 01K841CPSS0GPZWRM9A7PKBNMY (House Locks): Updating binary_sensor.house_locks_code_slot_5_active
2025-10-21 21:07:38.186 DEBUG (MainThread) [custom_components.lock_code_manager.entity] 01K841CPSS0GPZWRM9A7PKBNMY (House Locks): Adding entity event.house_locks_code_slot_5
2025-10-21 21:07:38.186 DEBUG (MainThread) [custom_components.lock_code_manager.entity] 01K841CPSS0GPZWRM9A7PKBNMY (House Locks): Adding entity text.house_locks_code_slot_5_name
2025-10-21 21:07:38.187 DEBUG (MainThread) [custom_components.lock_code_manager.entity] 01K841CPSS0GPZWRM9A7PKBNMY (House Locks): Adding entity text.house_locks_code_slot_5_pin
2025-10-21 21:07:38.188 DEBUG (MainThread) [custom_components.lock_code_manager.entity] 01K841CPSS0GPZWRM9A7PKBNMY (House Locks): Adding entity switch.house_locks_code_slot_5_enabled
2025-10-21 21:07:38.188 DEBUG (MainThread) [custom_components.lock_code_manager] 01K841CPSS0GPZWRM9A7PKBNMY (House Locks): Adding entities for slot 6
2025-10-21 21:07:38.188 DEBUG (MainThread) [custom_components.lock_code_manager.entity] 01K841CPSS0GPZWRM9A7PKBNMY (House Locks): Adding entity sensor.front_door_lock_code_slot_6
2025-10-21 21:07:38.192 DEBUG (MainThread) [custom_components.lock_code_manager.entity] 01K841CPSS0GPZWRM9A7PKBNMY (House Locks): Adding entity binary_sensor.front_door_lock_code_slot_6_in_sync
2025-10-21 21:07:38.193 DEBUG (MainThread) [custom_components.lock_code_manager.entity] 01K841CPSS0GPZWRM9A7PKBNMY (House Locks): Adding entity sensor.back_door_lock_code_slot_6
2025-10-21 21:07:38.193 DEBUG (MainThread) [custom_components.lock_code_manager.entity] 01K841CPSS0GPZWRM9A7PKBNMY (House Locks): Adding entity binary_sensor.back_door_lock_code_slot_6_in_sync
2025-10-21 21:07:38.194 DEBUG (MainThread) [custom_components.lock_code_manager.entity] 01K841CPSS0GPZWRM9A7PKBNMY (House Locks): Adding entity binary_sensor.house_locks_code_slot_6_active
2025-10-21 21:07:38.194 DEBUG (MainThread) [custom_components.lock_code_manager.binary_sensor] 01K841CPSS0GPZWRM9A7PKBNMY (House Locks): Updating binary_sensor.house_locks_code_slot_6_active
2025-10-21 21:07:38.195 DEBUG (MainThread) [custom_components.lock_code_manager.entity] 01K841CPSS0GPZWRM9A7PKBNMY (House Locks): Adding entity event.house_locks_code_slot_6
2025-10-21 21:07:38.196 DEBUG (MainThread) [custom_components.lock_code_manager.entity] 01K841CPSS0GPZWRM9A7PKBNMY (House Locks): Adding entity text.house_locks_code_slot_6_name
2025-10-21 21:07:38.197 DEBUG (MainThread) [custom_components.lock_code_manager.entity] 01K841CPSS0GPZWRM9A7PKBNMY (House Locks): Adding entity text.house_locks_code_slot_6_pin
2025-10-21 21:07:38.197 DEBUG (MainThread) [custom_components.lock_code_manager.entity] 01K841CPSS0GPZWRM9A7PKBNMY (House Locks): Adding entity switch.house_locks_code_slot_6_enabled
2025-10-21 21:07:38.197 INFO (MainThread) [custom_components.lock_code_manager] 01K841CPSS0GPZWRM9A7PKBNMY (House Locks): Done creating and/or updating entities